[debug] [2022-08-14T16:31:24.195Z] ----------------------------------------------------------------------
[debug] [2022-08-14T16:31:24.198Z] Command:       /snap/node/6488/bin/node /usr/local/bin/firebase deploy
[debug] [2022-08-14T16:31:24.199Z] CLI Version:   11.6.0
[debug] [2022-08-14T16:31:24.199Z] Platform:      linux
[debug] [2022-08-14T16:31:24.199Z] Node Version:  v16.16.0
[debug] [2022-08-14T16:31:24.338Z] Time:          Sun Aug 14 2022 22:31:24 GMT+0600 (Bangladesh Standard Time)
[debug] [2022-08-14T16:31:24.338Z] ----------------------------------------------------------------------
[debug] 
[debug] [2022-08-14T16:31:24.505Z] > command requires scopes: ["email","openid","https://www.googleapis.com/auth/cloudplatformprojects.readonly","https://www.googleapis.com/auth/firebase","https://www.googleapis.com/auth/cloud-platform"]
[debug] [2022-08-14T16:31:24.505Z] > authorizing via signed-in user (dilipsarker719@gmail.com)
[debug] [2022-08-14T16:31:24.505Z] [iam] checking project dilips-p-hero-assignment-10 for permissions ["firebase.projects.get","firebasehosting.sites.update"]
[debug] [2022-08-14T16:31:24.525Z] >>> [apiv2][query] POST https://cloudresourcemanager.googleapis.com/v1/projects/dilips-p-hero-assignment-10:testIamPermissions [none]
[debug] [2022-08-14T16:31:24.525Z] >>> [apiv2][(partial)header] POST https://cloudresourcemanager.googleapis.com/v1/projects/dilips-p-hero-assignment-10:testIamPermissions x-goog-quota-user=projects/dilips-p-hero-assignment-10
[debug] [2022-08-14T16:31:24.525Z] >>> [apiv2][body] POST https://cloudresourcemanager.googleapis.com/v1/projects/dilips-p-hero-assignment-10:testIamPermissions {"permissions":["firebase.projects.get","firebasehosting.sites.update"]}
[debug] [2022-08-14T16:31:25.977Z] <<< [apiv2][status] POST https://cloudresourcemanager.googleapis.com/v1/projects/dilips-p-hero-assignment-10:testIamPermissions 200
[debug] [2022-08-14T16:31:25.978Z] <<< [apiv2][body] POST https://cloudresourcemanager.googleapis.com/v1/projects/dilips-p-hero-assignment-10:testIamPermissions {"permissions":["firebase.projects.get","firebasehosting.sites.update"]}
[debug] [2022-08-14T16:31:25.981Z] >>> [apiv2][query] GET https://firebase.googleapis.com/v1beta1/projects/dilips-p-hero-assignment-10 [none]
[debug] [2022-08-14T16:31:26.828Z] <<< [apiv2][status] GET https://firebase.googleapis.com/v1beta1/projects/dilips-p-hero-assignment-10 200
[debug] [2022-08-14T16:31:26.829Z] <<< [apiv2][body] GET https://firebase.googleapis.com/v1beta1/projects/dilips-p-hero-assignment-10 {"projectId":"dilips-p-hero-assignment-10","projectNumber":"872429595703","displayName":"dilips-p-hero-assignment-10","name":"projects/dilips-p-hero-assignment-10","resources":{"hostingSite":"dilips-p-hero-assignment-10"},"state":"ACTIVE","etag":"1_44afb9d2-6a5d-45b0-93b7-d7c3649b64ee"}
[info] 
[info] === Deploying to 'dilips-p-hero-assignment-10'...
[info] 
[info] i  deploying hosting 
[debug] [2022-08-14T16:31:26.838Z] >>> [apiv2][query] GET https://firebase.googleapis.com/v1beta1/projects/dilips-p-hero-assignment-10 [none]
[debug] [2022-08-14T16:31:53.801Z] Failed to make request to https://firebase.googleapis.com/v1beta1/projects/dilips-p-hero-assignment-10
[debug] [2022-08-14T16:31:54.321Z] FirebaseError: Failed to make request to https://firebase.googleapis.com/v1beta1/projects/dilips-p-hero-assignment-10
    at RetryOperation._fn (/usr/local/lib/node_modules/firebase-tools/lib/apiv2.js:242:31)
    at processTicksAndRejections (node:internal/process/task_queues:96:5)
[error] 
[error] Error: Failed to get Firebase project dilips-p-hero-assignment-10. Please make sure the project exists and your account has permission to access it.
